app/build/intermediates/manifest_merge_blame_file/debug/manifest-merger-blame-debug-report.txt
1<?xml version="1.0" encoding="utf-8"?>
2<manifest xmlns:android="http://schemas.android.com/apk/res/android"
3    package="com.emiliaengberg.sqliteinlamningsuppgift"
4    android:versionCode="1"
5    android:versionName="1.0" >
6
7    <uses-sdk
8        android:minSdkVersion="26"
8-->src\main\AndroidManifest.xml
9        android:targetSdkVersion="29" />
9-->src\main\AndroidManifest.xml
10
11    <application
11-->src\main\AndroidManifest.xml:5:5-28:19
12        android:allowBackup="true"
12-->src\main\AndroidManifest.xml:6:9-35
13        android:appComponentFactory="androidx.core.app.CoreComponentFactory"
13-->[androidx.core:core:1.3.1] AndroidManifest.xml:24:18-86
14        android:debuggable="true"
15        android:extractNativeLibs="false"
16        android:icon="@mipmap/ic_launcher"
16-->src\main\AndroidManifest.xml:7:9-43
17        android:label="@string/app_name"
17-->src\main\AndroidManifest.xml:8:9-41
18        android:roundIcon="@mipmap/ic_launcher_round"
18-->src\main\AndroidManifest.xml:9:9-54
19        android:supportsRtl="true"
19-->src\main\AndroidManifest.xml:10:9-35
20        android:testOnly="true"
21        android:theme="@style/Theme.SQLiteInlamningsuppgift" >
21-->src\main\AndroidManifest.xml:11:9-61
22        <activity android:name="com.emiliaengberg.sqliteinlamningsuppgift.AddCoworkerActivity" />
22-->src\main\AndroidManifest.xml:12:9-57
22-->src\main\AndroidManifest.xml:12:19-54
23        <activity android:name="com.emiliaengberg.sqliteinlamningsuppgift.CoworkerDetailsActivity" />
23-->src\main\AndroidManifest.xml:13:9-61
23-->src\main\AndroidManifest.xml:13:19-58
24        <activity android:name="com.emiliaengberg.sqliteinlamningsuppgift.CoworkerListActivity" />
24-->src\main\AndroidManifest.xml:14:9-58
24-->src\main\AndroidManifest.xml:14:19-55
25        <activity android:name="com.emiliaengberg.sqliteinlamningsuppgift.MainActivity" >
25-->src\main\AndroidManifest.xml:15:9-21:20
25-->src\main\AndroidManifest.xml:15:19-47
26            <intent-filter>
26-->src\main\AndroidManifest.xml:16:13-20:29
27                <action android:name="android.intent.action.MAIN" />
27-->src\main\AndroidManifest.xml:17:17-69
27-->src\main\AndroidManifest.xml:17:25-66
28
29                <category android:name="android.intent.category.LAUNCHER" />
29-->src\main\AndroidManifest.xml:19:17-77
29-->src\main\AndroidManifest.xml:19:27-74
30            </intent-filter>
31        </activity>
32
33        <provider
33-->src\main\AndroidManifest.xml:22:9-27:38
34            android:name="com.emiliaengberg.sqliteinlamningsuppgift.CoworkerProvider"
34-->src\main\AndroidManifest.xml:23:13-45
35            android:authorities="com.emiliaengberg.sqliteinlamningsuppgift"
35-->src\main\AndroidManifest.xml:24:13-76
36            android:exported="false"
36-->src\main\AndroidManifest.xml:25:13-37
37            android:protectionLevel="signature"
37-->src\main\AndroidManifest.xml:26:13-48
38            android:syncable="true" />
38-->src\main\AndroidManifest.xml:27:13-36
39    </application>
40
41</manifest>